
Дата: 21.07.2021 22:50
Колонка: 1
Бензин: АИ 92
Сумма: 1000.00₽ руб
####
Дата: 21.07.2021 22:54
Колонка: 1
Бензин: АИ 92
Сумма: 1000.00₽ руб
####
Дата: 21.07.2021 22:54
Колонка: 0
Бензин: 
Сумма: 1000.00₽ руб
####
Дата: 21.07.2021 22:55
Колонка: 0
Бензин: 
Сумма: 1000.00₽ руб
####
Дата: 21.07.2021 22:55
Колонка: 2
Бензин: АИ 98
Сумма: 1000.00₽ руб
####
Дата: 21.07.2021 22:56
Колонка: 2
Бензин: АИ 98
Сумма: 1000.00₽ руб
####
Дата: 21.07.2021 22:57
Колонка: 2
Бензин: АИ-98
Сумма: 1000.00₽ руб
####
Дата: 21.07.2021 22:58
Колонка: 2
Бензин: АИ-98
Сумма: 1000.00₽ руб
####
Дата: 21.07.2021 22:59
Колонка: 2
Бензин: АИ-98Литры: 0.00 Л
Сумма: 1000.00₽ руб
####
Дата: 21.07.2021 23:00
Колонка: 2
Бензин: АИ-98Литры: 0.00 Л
Сумма: 1000.00₽ руб
####
Дата: 21.07.2021 23:02
Колонка: 2
Бензин: АИ-98
Литры: 0.00 Л
Сумма: 1000.00₽ руб
####
Дата: 21.07.2021 23:02
Колонка: 2
Бензин: АИ-98
Литры: 21.93 Л
Сумма: 1000.00₽ руб
####
Дата: 21.07.2021 23:03
Колонка: 2
Бензин: АИ-98
Литры: 21.93 Л
Сумма: 1000.00₽ руб
####
